<?xml version="1.0" encoding="UTF-8"?>
<!-- Generated by org.testng.reporters.JUnitReportReporter -->
<testsuite hostname="DESKTOP-5PDD91V" failures="0" tests="5" name="nopcommerce.TestCases" time="25.927" errors="0" timestamp="2023-09-09T13:30:53 AST" skipped="0">
  <testcase classname="nopcommerce.TestCases" name="Register" time="3.962"/>
  <system-out/>
  <testcase classname="nopcommerce.TestCases" name="Login" time="4.822"/>
  <system-out/>
  <testcase classname="nopcommerce.TestCases" name="NoProductMessage" time="0.762"/>
  <system-out/>
  <testcase classname="nopcommerce.TestCases" name="AddToCart" time="6.977"/>
  <system-out/>
  <testcase classname="nopcommerce.TestCases" name="Checkout" time="9.404"/>
  <system-out/>
</testsuite> <!-- nopcommerce.TestCases -->
